<?xml version="1.0" encoding="UTF-8"?>
<!-- Generated by org.testng.reporters.JUnitXMLReporter -->
<testsuite ignored="0" hostname="DESKTOP-NFU91QR" failures="0" tests="4" name="Default test" time="40.913" errors="0" timestamp="2022-06-25T16:52:26 IST">
  <testcase classname="dataprovider.FBloginWithUsersFromExcel" name="loginToFB" time="6.903"/>
  <testcase classname="dataprovider.FBloginWithUsersFromExcel" name="loginToFB" time="9.35"/>
  <testcase classname="dataprovider.FBloginWithUsersFromExcel" name="loginToFB" time="6.027"/>
  <testcase classname="dataprovider.FBloginWithUsersFromExcel" name="loginToFB" time="12.587"/>
</testsuite> <!-- Default test -->
