<?xml version="1.0" encoding="UTF-8"?>
<!-- Generated by org.testng.reporters.JUnitXMLReporter -->
<testsuite ignored="4" hostname="DESKTOP-4B5PH76" failures="0" tests="4" name="smoke" time="0.016" errors="0" timestamp="2021-09-19T11:45:31 IST">
  <testcase classname="testNGpractice.ChildOne" name="testOne" time="0.002"/>
  <testcase classname="testNGpractice.ChildOne" name="testTwo" time="0.0"/>
  <testcase classname="testNGpractice.ChildTwo" name="testOne" time="0.001"/>
  <testcase classname="testNGpractice.ChildTwo" name="testTwo" time="0.001"/>
  <testcase classname="testNGpractice.BaseClass" name="@BeforeSuite b4Suite" time="0.0">
    <ignored/>
  </testcase> <!-- @BeforeSuite b4Suite -->
  <testcase classname="testNGpractice.BaseClass" name="@AfterSuite aftrSuite" time="0.0">
    <ignored/>
  </testcase> <!-- @AfterSuite aftrSuite -->
  <testcase classname="testNGpractice.BaseClass" name="@BeforeTest b4Test" time="0.0">
    <ignored/>
  </testcase> <!-- @BeforeTest b4Test -->
  <testcase classname="testNGpractice.BaseClass" name="@AfterTest aftrTest" time="0.0">
    <ignored/>
  </testcase> <!-- @AfterTest aftrTest -->
</testsuite> <!-- smoke -->
