<?xml version="1.0" encoding="UTF-8"?>
<!-- Generated by org.testng.reporters.JUnitXMLReporter -->
<testsuite ignored="0" hostname="DESKTOP-4B5PH76" failures="0" tests="4" name="Test2" time="0.021" errors="0" timestamp="2021-09-19T11:17:16 IST">
  <testcase classname="testNGpractice.LearnTestNG" name="A" time="0.001"/>
  <testcase classname="testNGpractice.LearnTestNG" name="B" time="0.002"/>
  <testcase classname="testNGpractice.LearnTestNG" name="C" time="0.001"/>
  <testcase classname="testNGpractice.LearnTestNG" name="D" time="0.001"/>
</testsuite> <!-- Test2 -->
