<?xml version="1.0" encoding="UTF-8"?>
<testng-results ignored="0" total="4" passed="4" failed="0" skipped="0">
  <reporter-output>
  </reporter-output>
  <suite started-at="2022-06-25T16:51:45 IST" name="Default suite" finished-at="2022-06-25T16:52:26 IST" duration-ms="40913">
    <groups>
    </groups>
    <test started-at="2022-06-25T16:51:45 IST" name="Default test" finished-at="2022-06-25T16:52:26 IST" duration-ms="40913">
      <class name="dataprovider.FBloginWithUsersFromExcel">
        <test-method is-config="true" signature="setUpApplication()[pri:0, instance:dataprovider.FBloginWithUsersFromExcel@909217e]" started-at="2022-06-25T16:51:45 IST" name="setUpApplication" finished-at="2022-06-25T16:51:51 IST" duration-ms="5366" status="PASS">
          <reporter-output>
          </reporter-output>
        </test-method> <!-- setUpApplication -->
        <test-method signature="loginToFB(java.lang.String,java.lang.String)[pri:1, instance:dataprovider.FBloginWithUsersFromExcel@909217e]" started-at="2022-06-25T16:51:51 IST" name="loginToFB" data-provider="Read from Excel" finished-at="2022-06-25T16:51:58 IST" duration-ms="6903" status="PASS">
          <params>
            <param index="0">
              <value>
                <![CDATA[Kranthi@gmail.com]]>
              </value>
            </param>
            <param index="1">
              <value>
                <![CDATA[pwd123]]>
              </value>
            </param>
          </params>
          <reporter-output>
          </reporter-output>
        </test-method> <!-- loginToFB -->
        <test-method signature="loginToFB(java.lang.String,java.lang.String)[pri:1, instance:dataprovider.FBloginWithUsersFromExcel@909217e]" started-at="2022-06-25T16:51:58 IST" name="loginToFB" data-provider="Read from Excel" finished-at="2022-06-25T16:52:08 IST" duration-ms="9350" status="PASS">
          <params>
            <param index="0">
              <value>
                <![CDATA[Sasidhar@yahoo.com]]>
              </value>
            </param>
            <param index="1">
              <value>
                <![CDATA[Lingala]]>
              </value>
            </param>
          </params>
          <reporter-output>
          </reporter-output>
        </test-method> <!-- loginToFB -->
        <test-method signature="loginToFB(java.lang.String,java.lang.String)[pri:1, instance:dataprovider.FBloginWithUsersFromExcel@909217e]" started-at="2022-06-25T16:52:08 IST" name="loginToFB" data-provider="Read from Excel" finished-at="2022-06-25T16:52:14 IST" duration-ms="6027" status="PASS">
          <params>
            <param index="0">
              <value>
                <![CDATA[James@google.com]]>
              </value>
            </param>
            <param index="1">
              <value>
                <![CDATA[Bond]]>
              </value>
            </param>
          </params>
          <reporter-output>
          </reporter-output>
        </test-method> <!-- loginToFB -->
        <test-method signature="loginToFB(java.lang.String,java.lang.String)[pri:1, instance:dataprovider.FBloginWithUsersFromExcel@909217e]" started-at="2022-06-25T16:52:14 IST" name="loginToFB" data-provider="Read from Excel" finished-at="2022-06-25T16:52:26 IST" duration-ms="12587" status="PASS">
          <params>
            <param index="0">
              <value>
                <![CDATA[John@fb.com]]>
              </value>
            </param>
            <param index="1">
              <value>
                <![CDATA[Dand]]>
              </value>
            </param>
          </params>
          <reporter-output>
          </reporter-output>
        </test-method> <!-- loginToFB -->
      </class> <!-- dataprovider.FBloginWithUsersFromExcel -->
    </test> <!-- Default test -->
  </suite> <!-- Default suite -->
</testng-results>
